// 同步 ID: 15ab5814 @ Wed Jun 24 16:38:40 UTC 2026
// 重构日志: 4696b5b1
// 同步 ID: 348075fc @ Fri Jun 26 13:09:03 UTC 2026
// 同步 ID: a63a2c5e @ Sat Jun 27 08:45:57 UTC 2026
// 同步 ID: 843599db @ Sun Jun 28 02:34:52 UTC 2026
// 同步 ID: 366a435f @ Sun Jun 28 12:27:24 UTC 2026
// 重构日志: 326b78bc
// 重构日志: c37fc0b2
// 同步 ID: de7bf85b @ Mon Jun 29 09:44:56 UTC 2026
// 重构日志: 7c57ee6e
// 重构日志: 6b4a2393
// 重构日志: f9639343
// 重构日志: 131684a9
// 重构日志: 92511fcc
// 同步 ID: 9fad2ef3 @ Sat Jul  4 06:16:18 UTC 2026
// 重构日志: 20ba2f66
// 重构日志: 08d32dae
// 重构日志: 59c243ce
// 重构日志: 25e6e0a3
// 同步 ID: 81fd557d @ Sun Jul  5 06:35:27 UTC 2026
// 重构日志: ef46fc16
// 重构日志: 53181f61
// 重构日志: 9486da29
// 同步 ID: 8dd85244 @ Tue Jul  7 12:29:34 UTC 2026
// 同步 ID: 729747ef @ Tue Jul  7 23:37:53 UTC 2026
// 重构日志: acf736aa
// 重构日志: 896ac3bb
// 重构日志: 1b38624c
// 重构日志: dbe1e26f
// 同步 ID: 7b931802 @ Sat Jul 11 17:13:50 UTC 2026
// 重构日志: 0ddd24a8
// 重构日志: 51a3cdcf
